Removed Pin From Net: NetName=NetLED RB_2 Pin=LED RB-2
Removed Pin From Net: NetName=NetLED RB_2 Pin=Tiny2040-3
Added Component: Designator=QLB(SOT95P240X110-3N)
Add component (AddParameter): Name = "Availability"; Value = "Unavailable"; VariantName = "[No Variations]"
Add component (AddParameter): Name = "MF"; Value = "{'manufacturer': u'Diodes Zetex'}"; VariantName = "[No Variations]"
Add component (AddParameter): Name = "MP"; Value = "DMG6968U-7"; VariantName = "[No Variations]"
Add component (AddParameter): Name = "Package"; Value = "None"; VariantName = "[No Variations]"
Add component (AddParameter): Name = "Price"; Value = "None"; VariantName = "[No Variations]"
Add component (AddParameter): Name = "Value"; Value = ""; VariantName = "[No Variations]"
Added Component: Designator=QRB(SOT95P240X110-3N)
Add component (AddParameter): Name = "Availability"; Value = "Unavailable"; VariantName = "[No Variations]"
Add component (AddParameter): Name = "MF"; Value = "{'manufacturer': u'Diodes Zetex'}"; VariantName = "[No Variations]"
Add component (AddParameter): Name = "MP"; Value = "DMG6968U-7"; VariantName = "[No Variations]"
Add component (AddParameter): Name = "Package"; Value = "None"; VariantName = "[No Variations]"
Add component (AddParameter): Name = "Price"; Value = "None"; VariantName = "[No Variations]"
Add component (AddParameter): Name = "Value"; Value = ""; VariantName = "[No Variations]"
Added Component: Designator=QRT(SOT95P240X110-3N)
Add component (AddParameter): Name = "Availability"; Value = "Unavailable"; VariantName = "[No Variations]"
Add component (AddParameter): Name = "MF"; Value = "{'manufacturer': u'Diodes Zetex'}"; VariantName = "[No Variations]"
Add component (AddParameter): Name = "MP"; Value = "DMG6968U-7"; VariantName = "[No Variations]"
Add component (AddParameter): Name = "Package"; Value = "None"; VariantName = "[No Variations]"
Add component (AddParameter): Name = "Price"; Value = "None"; VariantName = "[No Variations]"
Add component (AddParameter): Name = "Value"; Value = ""; VariantName = "[No Variations]"
Added Component: Designator=QSPEAKER(SOT95P240X110-3N)
Add component (AddParameter): Name = "Availability"; Value = "Unavailable"; VariantName = "[No Variations]"
Add component (AddParameter): Name = "MF"; Value = "{'manufacturer': u'Diodes Zetex'}"; VariantName = "[No Variations]"
Add component (AddParameter): Name = "MP"; Value = "DMG6968U-7"; VariantName = "[No Variations]"
Add component (AddParameter): Name = "Package"; Value = "None"; VariantName = "[No Variations]"
Add component (AddParameter): Name = "Price"; Value = "None"; VariantName = "[No Variations]"
Add component (AddParameter): Name = "Value"; Value = ""; VariantName = "[No Variations]"
Added Component: Designator=U?(SOT95P240X110-3N)
Add component (AddParameter): Name = "Arrow Part Number"; Value = "DMG6968U-7"; VariantName = "[No Variations]"
Add component (AddParameter): Name = "Arrow Price/Stock"; Value = "https://www.arrow.com/en/products/dmg6968u-7/diodes-incorporated"; VariantName = "[No Variations]"
Add component (AddParameter): Name = "Datasheet Link"; Value = ""; VariantName = "[No Variations]"
Add component (AddParameter): Name = "Manufacturer_Name"; Value = "Diodes Inc."; VariantName = "[No Variations]"
Add component (AddParameter): Name = "Manufacturer_Part_Number"; Value = "DMG6968U-7"; VariantName = "[No Variations]"
Add component (AddParameter): Name = "Mouser Part Number"; Value = "621-DMG6968U-7"; VariantName = "[No Variations]"
Add component (AddParameter): Name = "Mouser Price/Stock"; Value = "https://www.mouser.co.uk/ProductDetail/Diodes-Incorporated/DMG6968U-7?qs=oUsD4qhOtFxfxyoeWY4RMA%3D%3D"; VariantName = "[No Variations]"
Add Component: Footprint Not Found XT30PWM
Added Pin To Net: NetName=NetLED RB_2 Pin=LED RB-2
Added Pin To Net: NetName=NetQLB_1 Pin=QLB-1
Added Pin To Net: NetName=GND Pin=QLB-2
Added Pin To Net: NetName=NetLED LB_2 Pin=QLB-3
Added Pin To Net: NetName=NetQRB_1 Pin=QRB-1
Added Pin To Net: NetName=GND Pin=QRB-2
Added Pin To Net: NetName=NetQRT_1 Pin=QRT-1
Added Pin To Net: NetName=GND Pin=QRT-2
Added Pin To Net: NetName=NetLED RT_2 Pin=QRT-3
Added Pin To Net: NetName=NetQSPEAKER_1 Pin=QSPEAKER-1
Added Pin To Net: NetName=GND Pin=QSPEAKER-2
Added Pin To Net: NetName=NetLED RB_2 Pin=QSPEAKER-3
Added Pin To Net: NetName=NetLED RB_2 Pin=Tiny2040-4
Added Pin To Net: NetName=GND Pin=U?-2
Added Pin To Net: NetName=NetLED LT_2 Pin=U?-3
Add Pin To Net: Unknown Pin: Pin XT30_12V_IN-1
Add Pin To Net: Unknown Pin: Pin XT30_12V_IN-2
Add Net: Net with name "NetLED RB_2" already exists
Added Pin To Net: NetName=NetRLT_2 Pin=RLT-2
Added Pin To Net: NetName=NetRLT_2 Pin=U?-1
Added Net: Name=NetRLT_2
Added Member To Class: ClassName=Aurora Member=Component LED RB S2B-PH-SM4-TB(LF)(SN)
Added Member To Class: ClassName=Aurora Member=Component QLB DMG6968U-7
Added Member To Class: ClassName=Aurora Member=Component QRB DMG6968U-7
Added Member To Class: ClassName=Aurora Member=Component QRT DMG6968U-7
Added Member To Class: ClassName=Aurora Member=Component QSPEAKER DMG6968U-7
Added Member To Class: ClassName=Aurora Member=Component U? DMG6968U-7
Add Class Member: Failed to add class member : Component XT30_12V_IN XT30PW-M
Added Room: Name=Aurora
